<?xml version="1.0" encoding="UTF-8"?>
<testng-results ignored="0" total="4" passed="4" failed="0" skipped="0">
  <reporter-output>
  </reporter-output>
  <suite started-at="2026-03-23T02:51:30 EDT" name="Suite" finished-at="2026-03-23T02:51:43 EDT" duration-ms="13102">
    <groups>
    </groups>
    <test started-at="2026-03-23T02:51:30 EDT" name="Test" finished-at="2026-03-23T02:51:43 EDT" duration-ms="13102">
      <class name="testcases.TC003_LoginDataDrivenTest">
        <test-method is-config="true" signature="setup(java.lang.String,java.lang.String)[pri:0, instance:testcases.TC003_LoginDataDrivenTest@3cd3e762]" started-at="2026-03-23T02:51:30 EDT" name="setup" finished-at="2026-03-23T02:51:34 EDT" duration-ms="3756" status="PASS">
          <params>
            <param index="0">
              <value>
                <![CDATA[windows]]>
              </value>
            </param>
            <param index="1">
              <value>
                <![CDATA[chrome]]>
              </value>
            </param>
          </params>
          <reporter-output>
          </reporter-output>
        </test-method> <!-- setup -->
        <test-method signature="LoginDDT(java.lang.String,java.lang.String,java.lang.String)[pri:0, instance:testcases.TC003_LoginDataDrivenTest@3cd3e762]" started-at="2026-03-23T02:51:36 EDT" name="LoginDDT" data-provider="LoginData" finished-at="2026-03-23T02:51:38 EDT" duration-ms="2185" status="PASS">
          <params>
            <param index="0">
              <value>
                <![CDATA[nalinik0902@gmail.com]]>
              </value>
            </param>
            <param index="1">
              <value>
                <![CDATA[Nalini@0902]]>
              </value>
            </param>
            <param index="2">
              <value>
                <![CDATA[Valid]]>
              </value>
            </param>
          </params>
          <reporter-output>
          </reporter-output>
        </test-method> <!-- LoginDDT -->
        <test-method signature="LoginDDT(java.lang.String,java.lang.String,java.lang.String)[pri:0, instance:testcases.TC003_LoginDataDrivenTest@3cd3e762]" started-at="2026-03-23T02:51:38 EDT" name="LoginDDT" data-provider="LoginData" finished-at="2026-03-23T02:51:39 EDT" duration-ms="749" status="PASS">
          <params>
            <param index="0">
              <value>
                <![CDATA[lakh12@gmail.com]]>
              </value>
            </param>
            <param index="1">
              <value>
                <![CDATA[lak@123]]>
              </value>
            </param>
            <param index="2">
              <value>
                <![CDATA[Invalid]]>
              </value>
            </param>
          </params>
          <reporter-output>
          </reporter-output>
        </test-method> <!-- LoginDDT -->
        <test-method signature="LoginDDT(java.lang.String,java.lang.String,java.lang.String)[pri:0, instance:testcases.TC003_LoginDataDrivenTest@3cd3e762]" started-at="2026-03-23T02:51:39 EDT" name="LoginDDT" data-provider="LoginData" finished-at="2026-03-23T02:51:41 EDT" duration-ms="2004" status="PASS">
          <params>
            <param index="0">
              <value>
                <![CDATA[abhishek23@gmail.com]]>
              </value>
            </param>
            <param index="1">
              <value>
                <![CDATA[Abhi@09]]>
              </value>
            </param>
            <param index="2">
              <value>
                <![CDATA[Invalid]]>
              </value>
            </param>
          </params>
          <reporter-output>
          </reporter-output>
        </test-method> <!-- LoginDDT -->
        <test-method signature="LoginDDT(java.lang.String,java.lang.String,java.lang.String)[pri:0, instance:testcases.TC003_LoginDataDrivenTest@3cd3e762]" started-at="2026-03-23T02:51:41 EDT" name="LoginDDT" data-provider="LoginData" finished-at="2026-03-23T02:51:43 EDT" duration-ms="1994" status="PASS">
          <params>
            <param index="0">
              <value>
                <![CDATA[abc123@gmail.com]]>
              </value>
            </param>
            <param index="1">
              <value>
                <![CDATA[test@123]]>
              </value>
            </param>
            <param index="2">
              <value>
                <![CDATA[Valid]]>
              </value>
            </param>
          </params>
          <reporter-output>
          </reporter-output>
        </test-method> <!-- LoginDDT -->
        <test-method is-config="true" signature="tearDown()[pri:0, instance:testcases.TC003_LoginDataDrivenTest@3cd3e762]" started-at="2026-03-23T02:51:43 EDT" name="tearDown" finished-at="2026-03-23T02:51:43 EDT" duration-ms="237" status="PASS">
          <reporter-output>
          </reporter-output>
        </test-method> <!-- tearDown -->
      </class> <!-- testcases.TC003_LoginDataDrivenTest -->
    </test> <!-- Test -->
  </suite> <!-- Suite -->
</testng-results>
