<?xml version="1.0" encoding="UTF-8"?>
<testng-results ignored="0" total="2" passed="2" failed="0" skipped="0">
  <reporter-output>
  </reporter-output>
  <suite started-at="2026-03-14T23:13:33 EDT" name="Suite" finished-at="2026-03-14T23:13:38 EDT" duration-ms="4864">
    <groups>
    </groups>
    <test started-at="2026-03-14T23:13:33 EDT" name="Test1" finished-at="2026-03-14T23:13:38 EDT" duration-ms="4788">
      <class name="testcases.TC001_AccountRegistrationTest">
        <test-method is-config="true" signature="setup(java.lang.String,java.lang.String)[pri:0, instance:testcases.TC001_AccountRegistrationTest@1e800aaa]" started-at="2026-03-14T23:13:33 EDT" name="setup" finished-at="2026-03-14T23:13:36 EDT" duration-ms="2291" status="PASS">
          <params>
            <param index="0">
              <value>
                <![CDATA[windows]]>
              </value>
            </param>
            <param index="1">
              <value>
                <![CDATA[chrome]]>
              </value>
            </param>
          </params>
          <reporter-output>
          </reporter-output>
        </test-method> <!-- setup -->
        <test-method signature="CreateAccountRegistration()[pri:0, instance:testcases.TC001_AccountRegistrationTest@1e800aaa]" started-at="2026-03-14T23:13:36 EDT" name="CreateAccountRegistration" finished-at="2026-03-14T23:13:38 EDT" duration-ms="2321" status="PASS">
          <reporter-output>
          </reporter-output>
        </test-method> <!-- CreateAccountRegistration -->
        <test-method is-config="true" signature="tearDown()[pri:0, instance:testcases.TC001_AccountRegistrationTest@1e800aaa]" started-at="2026-03-14T23:13:38 EDT" name="tearDown" finished-at="2026-03-14T23:13:38 EDT" duration-ms="159" status="PASS">
          <reporter-output>
          </reporter-output>
        </test-method> <!-- tearDown -->
      </class> <!-- testcases.TC001_AccountRegistrationTest -->
    </test> <!-- Test1 -->
    <test started-at="2026-03-14T23:13:33 EDT" name="Test2" finished-at="2026-03-14T23:13:38 EDT" duration-ms="4864">
      <class name="testcases.TC001_AccountRegistrationTest">
        <test-method is-config="true" signature="setup(java.lang.String,java.lang.String)[pri:0, instance:testcases.TC001_AccountRegistrationTest@38afe297]" started-at="2026-03-14T23:13:33 EDT" name="setup" finished-at="2026-03-14T23:13:36 EDT" duration-ms="2161" status="PASS">
          <params>
            <param index="0">
              <value>
                <![CDATA[windows]]>
              </value>
            </param>
            <param index="1">
              <value>
                <![CDATA[edge]]>
              </value>
            </param>
          </params>
          <reporter-output>
          </reporter-output>
        </test-method> <!-- setup -->
        <test-method signature="CreateAccountRegistration()[pri:0, instance:testcases.TC001_AccountRegistrationTest@38afe297]" started-at="2026-03-14T23:13:36 EDT" name="CreateAccountRegistration" finished-at="2026-03-14T23:13:38 EDT" duration-ms="2478" status="PASS">
          <reporter-output>
          </reporter-output>
        </test-method> <!-- CreateAccountRegistration -->
        <test-method is-config="true" signature="tearDown()[pri:0, instance:testcases.TC001_AccountRegistrationTest@38afe297]" started-at="2026-03-14T23:13:38 EDT" name="tearDown" finished-at="2026-03-14T23:13:38 EDT" duration-ms="192" status="PASS">
          <reporter-output>
          </reporter-output>
        </test-method> <!-- tearDown -->
      </class> <!-- testcases.TC001_AccountRegistrationTest -->
    </test> <!-- Test2 -->
  </suite> <!-- Suite -->
</testng-results>
