<?xml version="1.0" encoding="UTF-8"?>
<!-- Generated by org.testng.reporters.JUnitXMLReporter -->
<testsuite ignored="0" hostname="DESKTOP-RMMAPE4" failures="0" tests="3" name="chromeTest" time="16.823" errors="0" timestamp="2026-02-23T01:55:11 EST">
  <testcase classname="Day45.ParallelTesting" name="testlogo" time="3.189"/>
  <testcase classname="Day45.ParallelTesting" name="tesTitle" time="0.02"/>
  <testcase classname="Day45.ParallelTesting" name="testURL" time="0.008"/>
</testsuite> <!-- chromeTest -->
