<?xml version="1.0" encoding="UTF-8"?>
<!-- Generated by org.testng.reporters.JUnitXMLReporter -->
<testsuite ignored="0" hostname="DESKTOP-RMMAPE4" failures="0" tests="3" name="edgeTest" time="20.135" errors="0" timestamp="2026-02-23T01:55:14 EST">
  <testcase classname="Day45.ParallelTesting" name="testlogo" time="2.069"/>
  <testcase classname="Day45.ParallelTesting" name="tesTitle" time="0.017"/>
  <testcase classname="Day45.ParallelTesting" name="testURL" time="0.018"/>
</testsuite> <!-- edgeTest -->
