<?xml version="1.0" encoding="UTF-8"?>
<!-- Generated by org.testng.reporters.JUnitXMLReporter -->
<testsuite ignored="0" hostname="DESKTOP-RMMAPE4" failures="1" tests="3" name="Test" time="0.058" errors="0" timestamp="2026-02-26T06:49:35 EST">
  <testcase classname="Day46.TestNGListener" name="login" time="0.008"/>
  <testcase classname="Day46.TestNGListener" name="addtocart" time="0.009">
    <failure type="java.lang.AssertionError" message="expected [3] but found [4]">
      <![CDATA[java.lang.AssertionError: expected [3] but found [4]
at Day46.TestNGListener.addtocart(TestNGListener.java:15)
at java.base/java.util.ArrayList.forEach(ArrayList.java:1596)
... Removed 32 stack frames]]>
    </failure>
  </testcase> <!-- addtocart -->
  <testcase classname="Day46.TestNGListener" name="logout" time="0.001">
    <skipped/>
  </testcase> <!-- logout -->
</testsuite> <!-- Test -->
