<?xml version="1.0" encoding="UTF-8"?>
<!-- Generated by org.testng.reporters.JUnitXMLReporter -->
<testsuite ignored="0" hostname="DESKTOP-RMMAPE4" failures="0" tests="1" name="Test1" time="1.55" errors="0" timestamp="2026-03-19T02:17:11 EDT">
  <testcase classname="testbase.BaseClass" name="@BeforeClass setup" time="1.502">
    <failure type="org.openqa.selenium.InvalidArgumentException" message="invalid argument
  (Session info: chrome=146.0.7680.80)
Build info: version: &amp;apos;4.41.0&amp;apos;, revision: &amp;apos;9fc754f&amp;apos;
System info: os.name: &amp;apos;Windows 11&amp;apos;, os.arch: &amp;apos;amd64&amp;apos;, os.version: &amp;apos;10.0&amp;apos;, java.version: &amp;apos;21.0.9&amp;apos;
Driver info: org.openqa.selenium.chrome.ChromeDriver
Command: [d0d4758bb322c32a725a3865f949ad74, get {url=c}]
Capabilities {acceptInsecureCerts: false, browserName: chrome, browserVersion: 146.0.7680.80, chrome: {chromedriverVersion: 146.0.7680.153 (85fd829a1b2..., userDataDir: C:\Users\Madhu\AppData\Loca...}, fedcm:accounts: true, goog:chromeOptions: {debuggerAddress: localhost:59190}, goog:processID: 14992, networkConnectionEnabled: false, pageLoadStrategy: normal, platformName: windows, proxy: Proxy(), se:cdp: ws://localhost:59190/devtoo..., se:cdpVersion: 146.0.7680.80, setWindowRect: true, strictFileInteractability: false, timeouts: {implicit: 0, pageLoad: 300000, script: 30000}, unhandledPromptBehavior: dismiss and notify, webauthn:extension:credBlob: true, webauthn:extension:largeBlob: true, webauthn:extension:minPinLength: true, webauthn:extension:prf: true, webauthn:virtualAuthenticators: true}
Session ID: d0d4758bb322c32a725a3865f949ad74">
      <![CDATA[org.openqa.selenium.InvalidArgumentException: invalid argument
  (Session info: chrome=146.0.7680.80)
Build info: version: '4.41.0', revision: '9fc754f'
System info: os.name: 'Windows 11', os.arch: 'amd64', os.version: '10.0', java.version: '21.0.9'
Driver info: org.openqa.selenium.chrome.ChromeDriver
Command: [d0d4758bb322c32a725a3865f949ad74, get {url=c}]
Capabilities {acceptInsecureCerts: false, browserName: chrome, browserVersion: 146.0.7680.80, chrome: {chromedriverVersion: 146.0.7680.153 (85fd829a1b2..., userDataDir: C:\Users\Madhu\AppData\Loca...}, fedcm:accounts: true, goog:chromeOptions: {debuggerAddress: localhost:59190}, goog:processID: 14992, networkConnectionEnabled: false, pageLoadStrategy: normal, platformName: windows, proxy: Proxy(), se:cdp: ws://localhost:59190/devtoo..., se:cdpVersion: 146.0.7680.80, setWindowRect: true, strictFileInteractability: false, timeouts: {implicit: 0, pageLoad: 300000, script: 30000}, unhandledPromptBehavior: dismiss and notify, webauthn:extension:credBlob: true, webauthn:extension:largeBlob: true, webauthn:extension:minPinLength: true, webauthn:extension:prf: true, webauthn:virtualAuthenticators: true}
Session ID: d0d4758bb322c32a725a3865f949ad74
at org.openqa.selenium.remote.ErrorCodec.decode(ErrorCodec.java:169)
at org.openqa.selenium.remote.codec.w3c.W3CHttpResponseCodec.decode(W3CHttpResponseCodec.java:142)
at org.openqa.selenium.remote.codec.w3c.W3CHttpResponseCodec.decode(W3CHttpResponseCodec.java:49)
at org.openqa.selenium.remote.HttpCommandExecutor.execute(HttpCommandExecutor.java:223)
at org.openqa.selenium.remote.service.DriverCommandExecutor.invokeExecute(DriverCommandExecutor.java:216)
at org.openqa.selenium.remote.service.DriverCommandExecutor.execute(DriverCommandExecutor.java:174)
at org.openqa.selenium.remote.RemoteWebDriver.execute(RemoteWebDriver.java:604)
at org.openqa.selenium.remote.RemoteWebDriver.get(RemoteWebDriver.java:372)
at testbase.BaseClass.setup(BaseClass.java:51)
at java.base/java.util.ArrayList.forEach(ArrayList.java:1596)
at java.base/java.util.concurrent.FutureTask.run(FutureTask.java:317)
at java.base/java.util.concurrent.ThreadPoolExecutor.runWorker(ThreadPoolExecutor.java:1144)
at java.base/java.util.concurrent.ThreadPoolExecutor$Worker.run(ThreadPoolExecutor.java:642)
at java.base/java.lang.Thread.run(Thread.java:1583)
... Removed 13 stack frames]]>
    </failure>
  </testcase> <!-- @BeforeClass setup -->
  <testcase classname="testbase.BaseClass" name="@BeforeClass setup" time="1.502">
    <failure type="org.openqa.selenium.InvalidArgumentException" message="invalid argument
  (Session info: MicrosoftEdge=146.0.3856.62)
Build info: version: &amp;apos;4.41.0&amp;apos;, revision: &amp;apos;9fc754f&amp;apos;
System info: os.name: &amp;apos;Windows 11&amp;apos;, os.arch: &amp;apos;amd64&amp;apos;, os.version: &amp;apos;10.0&amp;apos;, java.version: &amp;apos;21.0.9&amp;apos;
Driver info: org.openqa.selenium.edge.EdgeDriver
Command: [e7d5a517009e53f86f1b8a7a4769e319, get {url=c}]
Capabilities {acceptInsecureCerts: false, browserName: MicrosoftEdge, browserVersion: 146.0.3856.62, fedcm:accounts: true, goog:processID: 33396, ms:edgeOptions: {debuggerAddress: localhost:59191}, msedge: {msedgedriverVersion: 146.0.3856.62 (f2c63c965af6..., userDataDir: C:\Users\Madhu\AppData\Loca...}, networkConnectionEnabled: false, pageLoadStrategy: normal, platformName: windows, proxy: Proxy(), se:cdp: ws://localhost:59191/devtoo..., se:cdpVersion: 146.0.3856.62, setWindowRect: true, strictFileInteractability: false, timeouts: {implicit: 0, pageLoad: 300000, script: 30000}, unhandledPromptBehavior: dismiss and notify, webauthn:extension:credBlob: true, webauthn:extension:largeBlob: true, webauthn:extension:minPinLength: true, webauthn:extension:prf: true, webauthn:virtualAuthenticators: true}
Session ID: e7d5a517009e53f86f1b8a7a4769e319">
      <![CDATA[org.openqa.selenium.InvalidArgumentException: invalid argument
  (Session info: MicrosoftEdge=146.0.3856.62)
Build info: version: '4.41.0', revision: '9fc754f'
System info: os.name: 'Windows 11', os.arch: 'amd64', os.version: '10.0', java.version: '21.0.9'
Driver info: org.openqa.selenium.edge.EdgeDriver
Command: [e7d5a517009e53f86f1b8a7a4769e319, get {url=c}]
Capabilities {acceptInsecureCerts: false, browserName: MicrosoftEdge, browserVersion: 146.0.3856.62, fedcm:accounts: true, goog:processID: 33396, ms:edgeOptions: {debuggerAddress: localhost:59191}, msedge: {msedgedriverVersion: 146.0.3856.62 (f2c63c965af6..., userDataDir: C:\Users\Madhu\AppData\Loca...}, networkConnectionEnabled: false, pageLoadStrategy: normal, platformName: windows, proxy: Proxy(), se:cdp: ws://localhost:59191/devtoo..., se:cdpVersion: 146.0.3856.62, setWindowRect: true, strictFileInteractability: false, timeouts: {implicit: 0, pageLoad: 300000, script: 30000}, unhandledPromptBehavior: dismiss and notify, webauthn:extension:credBlob: true, webauthn:extension:largeBlob: true, webauthn:extension:minPinLength: true, webauthn:extension:prf: true, webauthn:virtualAuthenticators: true}
Session ID: e7d5a517009e53f86f1b8a7a4769e319
at org.openqa.selenium.remote.ErrorCodec.decode(ErrorCodec.java:169)
at org.openqa.selenium.remote.codec.w3c.W3CHttpResponseCodec.decode(W3CHttpResponseCodec.java:142)
at org.openqa.selenium.remote.codec.w3c.W3CHttpResponseCodec.decode(W3CHttpResponseCodec.java:49)
at org.openqa.selenium.remote.HttpCommandExecutor.execute(HttpCommandExecutor.java:223)
at org.openqa.selenium.remote.service.DriverCommandExecutor.invokeExecute(DriverCommandExecutor.java:216)
at org.openqa.selenium.remote.service.DriverCommandExecutor.execute(DriverCommandExecutor.java:174)
at org.openqa.selenium.remote.RemoteWebDriver.execute(RemoteWebDriver.java:604)
at org.openqa.selenium.remote.RemoteWebDriver.get(RemoteWebDriver.java:372)
at testbase.BaseClass.setup(BaseClass.java:51)
at java.base/java.util.ArrayList.forEach(ArrayList.java:1596)
at java.base/java.util.concurrent.FutureTask.run(FutureTask.java:317)
at java.base/java.util.concurrent.ThreadPoolExecutor.runWorker(ThreadPoolExecutor.java:1144)
at java.base/java.util.concurrent.ThreadPoolExecutor$Worker.run(ThreadPoolExecutor.java:642)
at java.base/java.lang.Thread.run(Thread.java:1583)
... Removed 13 stack frames]]>
    </failure>
  </testcase> <!-- @BeforeClass setup -->
  <testcase classname="testbase.BaseClass" name="@AfterClass tearDown" time="0.0">
    <skipped/>
  </testcase> <!-- @AfterClass tearDown -->
  <testcase classname="testbase.BaseClass" name="@AfterClass tearDown" time="0.0">
    <skipped/>
  </testcase> <!-- @AfterClass tearDown -->
  <testcase classname="testcases.TC001_AccountRegistrationTest" name="CreateAccountRegistration" time="0.0">
    <skipped/>
  </testcase> <!-- CreateAccountRegistration -->
</testsuite> <!-- Test1 -->
