<?xml version="1.0" encoding="UTF-8"?>
<!-- Generated by org.testng.reporters.JUnitXMLReporter -->
<testsuite ignored="0" hostname="DESKTOP-RMMAPE4" failures="0" tests="4" name="Test" time="13.102" errors="0" timestamp="2026-03-23T02:51:43 EDT">
  <testcase classname="testcases.TC003_LoginDataDrivenTest" name="LoginDDT" time="2.185"/>
  <testcase classname="testcases.TC003_LoginDataDrivenTest" name="LoginDDT" time="0.749"/>
  <testcase classname="testcases.TC003_LoginDataDrivenTest" name="LoginDDT" time="2.004"/>
  <testcase classname="testcases.TC003_LoginDataDrivenTest" name="LoginDDT" time="1.994"/>
</testsuite> <!-- Test -->
