<?xml version="1.0" encoding="UTF-8"?>
<!-- Generated by org.testng.reporters.JUnitReportReporter -->
<testsuite hostname="DESKTOP-RMMAPE4" failures="0" tests="2" name="testcases.TC001_AccountRegistrationTest" time="4.799" errors="0" timestamp="2026-03-14T23:13:38 EDT" skipped="0">
  <testcase classname="testcases.TC001_AccountRegistrationTest" name="CreateAccountRegistration" time="2.478"/>
  <testcase classname="testcases.TC001_AccountRegistrationTest" name="CreateAccountRegistration" time="2.321"/>
</testsuite> <!-- testcases.TC001_AccountRegistrationTest -->
