<?xml version="1.0" encoding="UTF-8"?>
<!-- Generated by org.testng.reporters.JUnitReportReporter -->
<testsuite hostname="DESKTOP-RMMAPE4" failures="0" tests="4" name="testcases.TC003_LoginDataDrivenTest" time="6.932" errors="0" timestamp="2026-03-23T02:51:43 EDT" skipped="0">
  <testcase classname="testcases.TC003_LoginDataDrivenTest" name="LoginDDT" time="1.994"/>
  <testcase classname="testcases.TC003_LoginDataDrivenTest" name="LoginDDT" time="2.185"/>
  <testcase classname="testcases.TC003_LoginDataDrivenTest" name="LoginDDT" time="2.004"/>
  <testcase classname="testcases.TC003_LoginDataDrivenTest" name="LoginDDT" time="0.749"/>
</testsuite> <!-- testcases.TC003_LoginDataDrivenTest -->
