<?xml version="1.0" encoding="UTF-8"?>
<!-- Generated by org.testng.reporters.JUnitReportReporter -->
<testsuite hostname="DESKTOP-RMMAPE4" failures="0" tests="4" name="Day45.Dataprovider" time="6.187" errors="0" timestamp="2026-02-24T02:08:45 EST" skipped="0">
  <testcase classname="Day45.Dataprovider" name="Testlogin" time="2.028"/>
  <testcase classname="Day45.Dataprovider" name="Testlogin" time="1.251"/>
  <testcase classname="Day45.Dataprovider" name="Testlogin" time="0.634"/>
  <testcase classname="Day45.Dataprovider" name="Testlogin" time="2.274"/>
</testsuite> <!-- Day45.Dataprovider -->
