<?xml version="1.0" encoding="UTF-8"?>
<!-- Generated by org.testng.reporters.JUnitReportReporter -->
<testsuite hostname="DESKTOP-RMMAPE4" failures="0" tests="6" name="Day45.ParallelTesting" time="5.321" errors="0" timestamp="2026-02-23T01:55:14 EST" skipped="0">
  <testcase classname="Day45.ParallelTesting" name="testlogo" time="3.189"/>
  <testcase classname="Day45.ParallelTesting" name="testlogo" time="2.069"/>
  <testcase classname="Day45.ParallelTesting" name="tesTitle" time="0.017"/>
  <testcase classname="Day45.ParallelTesting" name="tesTitle" time="0.020"/>
  <testcase classname="Day45.ParallelTesting" name="testURL" time="0.018"/>
  <testcase classname="Day45.ParallelTesting" name="testURL" time="0.008"/>
</testsuite> <!-- Day45.ParallelTesting -->
