<?xml version="1.0" encoding="UTF-8"?>
<testng-results ignored="0" total="1" passed="1" failed="0" skipped="0">
  <reporter-output>
  </reporter-output>
  <suite started-at="2026-02-27T13:55:48 EST" name="Default suite" finished-at="2026-02-27T13:56:14 EST" duration-ms="26646">
    <groups>
    </groups>
    <test started-at="2026-02-27T13:55:48 EST" name="Default test" finished-at="2026-02-27T13:56:14 EST" duration-ms="26646">
      <class name="Day47.LoginTest_PageFactory">
        <test-method is-config="true" signature="setup()[pri:0, instance:Day47.LoginTest_PageFactory@9d5509a]" started-at="2026-02-27T13:55:48 EST" name="setup" finished-at="2026-02-27T13:56:11 EST" duration-ms="23258" status="PASS">
          <reporter-output>
          </reporter-output>
        </test-method> <!-- setup -->
        <test-method signature="testlogin()[pri:0, instance:Day47.LoginTest_PageFactory@9d5509a]" started-at="2026-02-27T13:56:11 EST" name="testlogin" finished-at="2026-02-27T13:56:14 EST" duration-ms="3179" status="PASS">
          <reporter-output>
          </reporter-output>
        </test-method> <!-- testlogin -->
        <test-method is-config="true" signature="teardown()[pri:0, instance:Day47.LoginTest_PageFactory@9d5509a]" started-at="2026-02-27T13:56:14 EST" name="teardown" finished-at="2026-02-27T13:56:14 EST" duration-ms="142" status="PASS">
          <reporter-output>
          </reporter-output>
        </test-method> <!-- teardown -->
      </class> <!-- Day47.LoginTest_PageFactory -->
    </test> <!-- Default test -->
  </suite> <!-- Default suite -->
</testng-results>
