<?xml version="1.0" encoding="UTF-8"?>
<!-- Generated by org.testng.reporters.JUnitXMLReporter -->
<testsuite ignored="2" hostname="DESKTOP-RMMAPE4" failures="0" tests="4" name="testname" time="0.05" errors="0" timestamp="2026-02-21T01:14:10 EST">
  <testcase classname="Day44.Grouping1" name="addtocart" time="0.008"/>
  <testcase classname="Day44.Grouping1" name="logout" time="0.001"/>
  <testcase classname="Day44.Grouping2" name="PDP" time="0.001"/>
  <testcase classname="Day44.Grouping2" name="logo" time="0.001"/>
  <testcase classname="Day44.Grouping2" name="payment" time="0.0">
    <ignored/>
  </testcase> <!-- payment -->
  <testcase classname="Day44.Grouping1" name="login" time="0.0">
    <ignored/>
  </testcase> <!-- login -->
</testsuite> <!-- testname -->
